<?xml version="1.0" encoding="UTF-8"?>
<testng-results ignored="0" total="1" passed="1" failed="0" skipped="0">
  <reporter-output>
  </reporter-output>
  <suite started-at="2023-03-23T10:43:02 IST" name="Default suite" finished-at="2023-03-23T10:43:45 IST" duration-ms="43225">
    <groups>
    </groups>
    <test started-at="2023-03-23T10:43:02 IST" name="Default test" finished-at="2023-03-23T10:43:45 IST" duration-ms="43225">
      <class name="Functionality.loginamazon2$loginamazon">
        <test-method signature="amazonlogin()[pri:0, instance:Functionality.loginamazon2$loginamazon@2a54a73f]" started-at="2023-03-23T10:43:02 IST" name="amazonlogin" finished-at="2023-03-23T10:43:45 IST" duration-ms="43165" status="PASS">
          <reporter-output>
          </reporter-output>
        </test-method> <!-- amazonlogin -->
      </class> <!-- Functionality.loginamazon2$loginamazon -->
    </test> <!-- Default test -->
  </suite> <!-- Default suite -->
</testng-results>
